<?xml version="1.0" encoding="UTF-8"?>
<testng-results ignored="0" total="1" passed="1" failed="0" skipped="0">
  <reporter-output>
  </reporter-output>
  <suite started-at="2024-03-24T14:35:03 IST" name="gatling.TestClass" finished-at="2024-03-24T14:35:03 IST" duration-ms="57">
    <groups>
    </groups>
    <test started-at="2024-03-24T14:35:03 IST" name="Command line test" finished-at="2024-03-24T14:35:03 IST" duration-ms="57">
      <class name="gatling.TestClass">
        <test-method signature="Test1()[pri:0, instance:gatling.TestClass@28f2a10f]" started-at="2024-03-24T14:35:03 IST" name="Test1" finished-at="2024-03-24T14:35:03 IST" duration-ms="5" status="PASS">
          <reporter-output>
          </reporter-output>
        </test-method> <!-- Test1 -->
      </class> <!-- gatling.TestClass -->
    </test> <!-- Command line test -->
  </suite> <!-- gatling.TestClass -->
</testng-results>
