<?xml version="1.0" encoding="UTF-8"?>
<testng-results ignored="0" total="1" passed="1" failed="0" skipped="0">
  <reporter-output>
  </reporter-output>
  <suite started-at="2024-03-24T14:33:44 IST" name="Default suite" finished-at="2024-03-24T14:33:44 IST" duration-ms="70">
    <groups>
    </groups>
    <test started-at="2024-03-24T14:33:44 IST" name="Default test" finished-at="2024-03-24T14:33:44 IST" duration-ms="70">
      <class name="gatling.TestClass">
        <test-method signature="Test1()[pri:0, instance:gatling.TestClass@7d61eb55]" started-at="2024-03-24T14:33:44 IST" name="Test1" finished-at="2024-03-24T14:33:44 IST" duration-ms="10" status="PASS">
          <reporter-output>
          </reporter-output>
        </test-method> <!-- Test1 -->
      </class> <!-- gatling.TestClass -->
    </test> <!-- Default test -->
  </suite> <!-- Default suite -->
</testng-results>
